<?xml version="1.0" encoding="UTF-8"?>
<robot generator="Robot 3.2.2 (Python 3.9.1 on darwin)" generated="20220712 22:57:02.293" rpa="false">
<suite id="s1" name="Demo" source="/Users/aravindhsc/eclipse-workspace/SauceLabL_Robot/testSuite/demo.robot">
<test id="s1-t1" name="Demo_1">
<kw name="Setup" library="resource">
<kw name="Open Application" library="AppiumLibrary">
<doc>Opens a new application to given Appium server.
Capabilities of appium server, Android and iOS,
Please check https://github.com/appium/appium/blob/master/docs/en/writing-running-appium/server-args.md
| *Option*            | *Man.* | *Description*     |
| remote_url          | Yes    | Appium server url |
| alias               | no     | alias             |</doc>
<arguments>
<arg>${REMOTE_URL}</arg>
<arg>platformName=${PLATFORM_NAME}</arg>
<arg>platformVersion=${PLATFORM_VERSION}</arg>
<arg>username=${SAUCE_USERNAME}</arg>
<arg>accessKey=${SAUCE_ACCESS_KEY}</arg>
<arg>app=${apk}</arg>
<arg>name=${TEST_NAME}</arg>
<arg>options=add_argument("--ignore-certificate-errors")</arg>
</arguments>
<status status="PASS" starttime="20220712 22:57:02.352" endtime="20220712 22:57:39.001"></status>
</kw>
<status status="PASS" starttime="20220712 22:57:02.351" endtime="20220712 22:57:39.002"></status>
</kw>
<kw name="Sleep" library="BuiltIn">
<doc>Pauses the test executed for the given time.</doc>
<arguments>
<arg>3</arg>
</arguments>
<msg timestamp="20220712 22:57:42.004" level="INFO">Slept 3 seconds</msg>
<status status="PASS" starttime="20220712 22:57:39.002" endtime="20220712 22:57:42.005"></status>
</kw>
<kw name="Capture Page Screenshot" library="AppiumLibrary">
<doc>Takes a screenshot of the current page and embeds it into the log.</doc>
<msg timestamp="20220712 22:57:43.978" level="INFO" html="yes">&lt;/td&gt;&lt;/tr&gt;&lt;tr&gt;&lt;td colspan="3"&gt;&lt;a href="appium-screenshot-1.png"&gt;&lt;img src="appium-screenshot-1.png" width="800px"&gt;&lt;/a&gt;</msg>
<status status="PASS" starttime="20220712 22:57:42.005" endtime="20220712 22:57:43.978"></status>
</kw>
<status status="PASS" starttime="20220712 22:57:02.351" endtime="20220712 22:57:43.978" critical="yes"></status>
</test>
<status status="PASS" starttime="20220712 22:57:02.294" endtime="20220712 22:57:43.979"></status>
</suite>
<statistics>
<total>
<stat pass="1" fail="0">Critical Tests</stat>
<stat pass="1" fail="0">All Tests</stat>
</total>
<tag>
</tag>
<suite>
<stat pass="1" fail="0" id="s1" name="Demo">Demo</stat>
</suite>
</statistics>
<errors>
</errors>
</robot>
